#
# A fatal error has been detected by the Java Runtime Environment:
#
#  Internal Error (safepoint.cpp:687), pid=79232, tid=0x000000000000a0f0
#  fatal error: Deadlock in safepoint code.  Should have called back to the VM before blocking.
#
# JRE version: Java(TM) SE Runtime Environment (8.0_202-b08) (build 1.8.0_202-b08)
# Java VM: Java HotSpot(TM) 64-Bit Server VM (25.202-b08 mixed mode windows-amd64 compressed oops)
# Failed to write core dump. Minidumps are not enabled by default on client versions of Windows
#
# If you would like to submit a bug report, please visit:
#   http://bugreport.java.com/bugreport/crash.jsp
#

---------------  T H R E A D  ---------------

Current thread (0x000000001ef8b000):  JavaThread "JavaFX Application Thread" [_thread_in_native_trans, id=41200, stack(0x0000000020640000,0x0000000020740000)]

Stack: [0x0000000020640000,0x0000000020740000]
[error occurred during error reporting (printing stack bounds), id 0xc0000005]

Native frames: (J=compiled Java code, j=interpreted, Vv=VM code, C=native code)

Java frames: (J=compiled Java code, j=interpreted, Vv=VM code)
j  com.sun.glass.ui.win.WinApplication._runLoop(Ljava/lang/Runnable;)V+0
j  com.sun.glass.ui.win.WinApplication.lambda$null$152(ILjava/lang/Runnable;)V+8
j  com.sun.glass.ui.win.WinApplication$$Lambda$37.run()V+12
j  java.lang.Thread.run()V+11
v  ~StubRoutines::call_stub

---------------  P R O C E S S  ---------------

Java Threads: ( => current thread )
  0x000000001f2ab800 JavaThread "Thread-4" [_thread_in_native, id=104392, stack(0x000000002b340000,0x000000002b440000)]
  0x000000001f1dd800 JavaThread "Prism Font Disposer" daemon [_thread_blocked, id=94132, stack(0x0000000027770000,0x0000000027870000)]
  0x000000001effc000 JavaThread "Thread-3" daemon [_thread_blocked, id=105164, stack(0x0000000025210000,0x0000000025310000)]
  0x000000001efc7000 JavaThread "JavaFX-Launcher" [_thread_blocked, id=26804, stack(0x0000000025410000,0x0000000025510000)]
=>0x000000001ef8b000 JavaThread "JavaFX Application Thread" [_thread_in_native_trans, id=41200, stack(0x0000000020640000,0x0000000020740000)]
  0x000000001ef84800 JavaThread "Thread-1" daemon [_thread_blocked, id=83724, stack(0x0000000020540000,0x0000000020640000)]
  0x000000001eedf000 JavaThread "QuantumRenderer-0" daemon [_thread_blocked, id=89540, stack(0x000000001f8f0000,0x000000001f9f0000)]
  0x000000001e019000 JavaThread "Service Thread" daemon [_thread_blocked, id=122136, stack(0x000000001ec70000,0x000000001ed70000)]
  0x000000001df9c800 JavaThread "C1 CompilerThread3" daemon [_thread_blocked, id=78228, stack(0x000000001eb70000,0x000000001ec70000)]
  0x000000001df96000 JavaThread "C2 CompilerThread2" daemon [_thread_blocked, id=121776, stack(0x000000001ea70000,0x000000001eb70000)]
  0x000000001df95800 JavaThread "C2 CompilerThread1" daemon [_thread_blocked, id=126392, stack(0x000000001e970000,0x000000001ea70000)]
  0x000000001df91800 JavaThread "C2 CompilerThread0" daemon [_thread_blocked, id=51856, stack(0x000000001e870000,0x000000001e970000)]
  0x000000001df90800 JavaThread "Attach Listener" daemon [_thread_blocked, id=154956, stack(0x000000001e770000,0x000000001e870000)]
  0x000000001c16e000 JavaThread "Signal Dispatcher" daemon [_thread_blocked, id=173400, stack(0x000000001e670000,0x000000001e770000)]
  0x00000000026f8000 JavaThread "Finalizer" daemon [_thread_blocked, id=131532, stack(0x000000001e460000,0x000000001e560000)]
  0x000000001df80800 JavaThread "Reference Handler" daemon [_thread_blocked, id=148292, stack(0x000000001e360000,0x000000001e460000)]
  0x00000000025fe800 JavaThread "main" [_thread_blocked, id=182588, stack(0x00000000024c0000,0x00000000025c0000)]

Other Threads:
  0x000000001c159800 VMThread [stack: 0x000000001de60000,0x000000001df60000] [id=58976]
  0x000000001e053000 WatcherThread [stack: 0x000000001ed70000,0x000000001ee70000] [id=27380]

VM state:synchronizing (normal execution)

VM Mutex/Monitor currently owned by a thread:  ([mutex/lock_event])
[0x00000000025fd8e0] Threads_lock - owner thread: 0x000000001c159800

heap address: 0x00000006c1e00000, size: 4066 MB, Compressed Oops mode: Zero based, Oop shift amount: 3
Narrow klass base: 0x0000000000000000, Narrow klass shift: 3
Compressed class space size: 1073741824 Address: 0x00000007c0000000

Heap:
 PSYoungGen      total 76288K, used 39086K [0x000000076b500000, 0x0000000770a00000, 0x00000007c0000000)
  eden space 65536K, 59% used [0x000000076b500000,0x000000076db2b840,0x000000076f500000)
  from space 10752K, 0% used [0x000000076ff80000,0x000000076ff80000,0x0000000770a00000)
  to   space 10752K, 0% used [0x000000076f500000,0x000000076f500000,0x000000076ff80000)
 ParOldGen       total 175104K, used 0K [0x00000006c1e00000, 0x00000006cc900000, 0x000000076b500000)
  object space 175104K, 0% used [0x00000006c1e00000,0x00000006c1e00000,0x00000006cc900000)
 Metaspace       used 15091K, capacity 15778K, committed 16000K, reserved 1062912K
  class space    used 2222K, capacity 2418K, committed 2432K, reserved 1048576K

Card table byte_map: [0x0000000011ac0000,0x00000000122c0000] byte_map_base: 0x000000000e4b1000

Marking Bits: (ParMarkBitMap*) 0x0000000052d45ce0
 Begin Bits: [0x0000000013010000, 0x0000000016f98000)
 End Bits:   [0x0000000016f98000, 0x000000001af20000)

Polling page: 0x00000000025c0000

CodeCache: size=245760Kb used=4387Kb max_used=4387Kb free=241372Kb
 bounds [0x0000000002700000, 0x0000000002b50000, 0x0000000011700000]
 total_blobs=1952 nmethods=1317 adapters=547
 compilation: enabled

Compilation events (10 events):
Event: 1.764 Thread 0x000000001df9c800 1313       3       java.nio.ByteBuffer::hasArray (20 bytes)
Event: 1.764 Thread 0x000000001df9c800 nmethod 1313 0x0000000002b4a010 code [0x0000000002b4a160, 0x0000000002b4a350]
Event: 1.764 Thread 0x000000001df9c800 1314       3       com.sun.prism.impl.BaseGraphics::validateTransformAndPaint (71 bytes)
Event: 1.765 Thread 0x000000001df9c800 nmethod 1314 0x0000000002b4a3d0 code [0x0000000002b4a560, 0x0000000002b4ac28]
Event: 1.765 Thread 0x000000001df9c800 1315       3       com.sun.javafx.geom.transform.AffineBase::getMyx (5 bytes)
Event: 1.765 Thread 0x000000001df9c800 nmethod 1315 0x0000000002b4add0 code [0x0000000002b4af20, 0x0000000002b4b070]
Event: 1.765 Thread 0x000000001df9c800 1316       3       com.sun.javafx.geom.Point2D::setLocation (11 bytes)
Event: 1.765 Thread 0x000000001df9c800 nmethod 1316 0x0000000002b4b110 code [0x0000000002b4b260, 0x0000000002b4b3b0]
Event: 1.765 Thread 0x000000001df9c800 1317       1       com.sun.prism.impl.GlyphCache$GlyphData::getRect (5 bytes)
Event: 1.765 Thread 0x000000001df9c800 nmethod 1317 0x0000000002b4b450 code [0x0000000002b4b5a0, 0x0000000002b4b6b0]

GC Heap History (0 events):
No events

Deoptimization events (10 events):
Event: 0.582 Thread 0x000000001ef8b000 Uncommon trap: reason=class_check action=maybe_recompile pc=0x000000000295eda8 method=java.io.DataInputStream.readShort()S @ 4
Event: 0.582 Thread 0x000000001ef8b000 Uncommon trap: reason=class_check action=maybe_recompile pc=0x000000000295eda8 method=java.io.DataInputStream.readShort()S @ 4
Event: 0.585 Thread 0x000000001ef8b000 Uncommon trap: reason=class_check action=maybe_recompile pc=0x000000000281f780 method=java.lang.String.equals(Ljava/lang/Object;)Z @ 8
Event: 0.585 Thread 0x000000001ef8b000 Uncommon trap: reason=class_check action=maybe_recompile pc=0x000000000281f780 method=java.lang.String.equals(Ljava/lang/Object;)Z @ 8
Event: 0.585 Thread 0x000000001ef8b000 Uncommon trap: reason=class_check action=maybe_recompile pc=0x000000000281f780 method=java.lang.String.equals(Ljava/lang/Object;)Z @ 8
Event: 0.585 Thread 0x000000001ef8b000 Uncommon trap: reason=class_check action=maybe_recompile pc=0x000000000281f780 method=java.lang.String.equals(Ljava/lang/Object;)Z @ 8
Event: 0.607 Thread 0x000000001ef8b000 Uncommon trap: reason=unstable_if action=reinterpret pc=0x000000000297a43c method=java.util.HashMap.hash(Ljava/lang/Object;)I @ 1
Event: 0.638 Thread 0x000000001ef8b000 Uncommon trap: reason=unstable_if action=reinterpret pc=0x0000000002a034b4 method=java.lang.String.regionMatches(ZILjava/lang/String;II)Z @ 123
Event: 0.684 Thread 0x000000001ef8b000 Uncommon trap: reason=unstable_if action=reinterpret pc=0x00000000029d4b98 method=sun.net.www.ParseUtil.encodePath(Ljava/lang/String;Z)Ljava/lang/String; @ 109
Event: 0.785 Thread 0x000000001ef8b000 Uncommon trap: reason=unstable_if action=reinterpret pc=0x00000000029e7568 method=jdk.internal.org.objectweb.asm.Type.getArgumentsAndReturnSizes(Ljava/lang/String;)I @ 47

Classes redefined (0 events):
No events

Internal exceptions (10 events):
Event: 0.128 Thread 0x00000000025fe800 Exception <a 'java/security/PrivilegedActionException'> (0x000000076b879868) thrown at [C:\re\workspace\8-2-build-windows-amd64-cygwin\jdk8u202\12323\hotspot\src\share\vm\prims\jvm.cpp, line 1502]
Event: 0.128 Thread 0x00000000025fe800 Exception <a 'java/security/PrivilegedActionException'> (0x000000076b879a78) thrown at [C:\re\workspace\8-2-build-windows-amd64-cygwin\jdk8u202\12323\hotspot\src\share\vm\prims\jvm.cpp, line 1502]
Event: 0.128 Thread 0x00000000025fe800 Exception <a 'java/lang/NullPointerException'> (0x000000076b87a050) thrown at [C:\re\workspace\8-2-build-windows-amd64-cygwin\jdk8u202\12323\hotspot\src\share\vm\interpreter\linkResolver.cpp, line 1185]
Event: 0.349 Thread 0x000000001ef8b000 Exception <a 'java/lang/NullPointerException'> (0x000000076c3e0878) thrown at [C:\re\workspace\8-2-build-windows-amd64-cygwin\jdk8u202\12323\hotspot\src\share\vm\interpreter\linkResolver.cpp, line 1185]
Event: 0.349 Thread 0x000000001ef8b000 Exception <a 'java/lang/NullPointerException'> (0x000000076c3e0878) thrown at [C:\re\workspace\8-2-build-windows-amd64-cygwin\jdk8u202\12323\hotspot\src\share\vm\prims\jvm.cpp, line 1506]
Event: 0.607 Thread 0x000000001ef8b000 Implicit null exception at 0x000000000297a235 to 0x000000000297a42d
Event: 1.741 Thread 0x000000001ef8b000 Implicit null exception at 0x0000000002ac8a1f to 0x0000000002ac9081
Event: 1.741 Thread 0x000000001ef8b000 Exception <a 'java/lang/NullPointerException'> (0x000000076d795610) thrown at [C:\re\workspace\8-2-build-windows-amd64-cygwin\jdk8u202\12323\hotspot\src\share\vm\runtime\sharedRuntime.cpp, line 605]
Event: 1.745 Thread 0x000000001ef8b000 Implicit null exception at 0x0000000002ac8a1f to 0x0000000002ac9081
Event: 1.745 Thread 0x000000001ef8b000 Exception <a 'java/lang/NullPointerException'> (0x000000076d7a2e18) thrown at [C:\re\workspace\8-2-build-windows-amd64-cygwin\jdk8u202\12323\hotspot\src\share\vm\runtime\sharedRuntime.cpp, line 605]

Events (10 events):
Event: 1.739 loading class java/util/TreeMap$KeySet
Event: 1.739 loading class java/util/TreeMap$KeySet done
Event: 1.739 loading class java/util/TreeMap$KeyIterator
Event: 1.739 loading class java/util/TreeMap$KeyIterator done
Event: 1.744 loading class com/sun/prism/image/CompoundImage
Event: 1.744 loading class com/sun/prism/image/CompoundImage done
Event: 1.744 loading class com/sun/prism/image/CachingCompoundImage
Event: 1.744 loading class com/sun/prism/image/CachingCompoundImage done
Event: 1.749 loading class com/sun/prism/shader/Texture_LinearGradient_PAD_Loader
Event: 1.749 loading class com/sun/prism/shader/Texture_LinearGradient_PAD_Loader done


Dynamic libraries:
0x00007ff6cff30000 - 0x00007ff6cff67000 	C:\Program Files\Java\jdk1.8.0_202\jre\bin\java.exe
0x00007ff80bd70000 - 0x00007ff80bf87000 	C:\WINDOWS\SYSTEM32\ntdll.dll
0x00007ff809c80000 - 0x00007ff809d44000 	C:\WINDOWS\System32\KERNEL32.DLL
0x00007ff809220000 - 0x00007ff8095c5000 	C:\WINDOWS\System32\KERNELBASE.dll
0x00007ff809b70000 - 0x00007ff809c21000 	C:\WINDOWS\System32\ADVAPI32.dll
0x00007ff80aea0000 - 0x00007ff80af47000 	C:\WINDOWS\System32\msvcrt.dll
0x00007ff80bbf0000 - 0x00007ff80bc96000 	C:\WINDOWS\System32\sechost.dll
0x00007ff80b720000 - 0x00007ff80b837000 	C:\WINDOWS\System32\RPCRT4.dll
0x00007ff80b9d0000 - 0x00007ff80bb7e000 	C:\WINDOWS\System32\USER32.dll
0x00007ff809a90000 - 0x00007ff809ab6000 	C:\WINDOWS\System32\win32u.dll
0x00007ff80b840000 - 0x00007ff80b869000 	C:\WINDOWS\System32\GDI32.dll
0x00007ff809760000 - 0x00007ff809879000 	C:\WINDOWS\System32\gdi32full.dll
0x00007ff809880000 - 0x00007ff80991a000 	C:\WINDOWS\System32\msvcp_win.dll
0x00007ff809640000 - 0x00007ff809751000 	C:\WINDOWS\System32\ucrtbase.dll
0x00007ffff3bd0000 - 0x00007ffff3e63000 	C:\WINDOWS\WinSxS\amd64_microsoft.windows.common-controls_6595b64144ccf1df_6.0.22621.2506_none_270c5ae97388e100\COMCTL32.dll
0x00007ff80b0c0000 - 0x00007ff80b0f1000 	C:\WINDOWS\System32\IMM32.DLL
0x0000000052440000 - 0x0000000052512000 	C:\Program Files\Java\jdk1.8.0_202\jre\bin\msvcr100.dll
0x0000000052520000 - 0x0000000052dc5000 	C:\Program Files\Java\jdk1.8.0_202\jre\bin\server\jvm.dll
0x00007ff80b9c0000 - 0x00007ff80b9c8000 	C:\WINDOWS\System32\PSAPI.DLL
0x00007fffe7dc0000 - 0x00007fffe7dc9000 	C:\WINDOWS\SYSTEM32\WSOCK32.dll
0x00007ff8018b0000 - 0x00007ff8018e4000 	C:\WINDOWS\SYSTEM32\WINMM.dll
0x00007ff809af0000 - 0x00007ff809b61000 	C:\WINDOWS\System32\WS2_32.dll
0x00007ff8012b0000 - 0x00007ff8012ba000 	C:\WINDOWS\SYSTEM32\VERSION.dll
0x00007ffffa6f0000 - 0x00007ffffa6ff000 	C:\Program Files\Java\jdk1.8.0_202\jre\bin\verify.dll
0x00007ffff4e00000 - 0x00007ffff4e29000 	C:\Program Files\Java\jdk1.8.0_202\jre\bin\java.dll
0x00007ffffa0b0000 - 0x00007ffffa0c6000 	C:\Program Files\Java\jdk1.8.0_202\jre\bin\zip.dll
0x00007ff809fd0000 - 0x00007ff80a829000 	C:\WINDOWS\System32\SHELL32.dll
0x00007ff806fb0000 - 0x00007ff8078a4000 	C:\WINDOWS\SYSTEM32\windows.storage.dll
0x00007ff80b100000 - 0x00007ff80b489000 	C:\WINDOWS\System32\combase.dll
0x00007ff806e70000 - 0x00007ff806fae000 	C:\WINDOWS\SYSTEM32\wintypes.dll
0x00007ff80ad90000 - 0x00007ff80ae83000 	C:\WINDOWS\System32\SHCORE.dll
0x00007ff80af50000 - 0x00007ff80afae000 	C:\WINDOWS\System32\shlwapi.dll
0x00007ff809010000 - 0x00007ff809036000 	C:\WINDOWS\SYSTEM32\profapi.dll
0x000000001f670000 - 0x000000001f673000 	C:\Program Files\Java\jdk1.8.0_202\jre\bin\api-ms-win-core-console-l1-1-0.dll
0x000000001f680000 - 0x000000001f683000 	C:\Program Files\Java\jdk1.8.0_202\jre\bin\api-ms-win-core-datetime-l1-1-0.dll
0x000000001f690000 - 0x000000001f693000 	C:\Program Files\Java\jdk1.8.0_202\jre\bin\api-ms-win-core-debug-l1-1-0.dll
0x000000001f6a0000 - 0x000000001f6a3000 	C:\Program Files\Java\jdk1.8.0_202\jre\bin\api-ms-win-core-errorhandling-l1-1-0.dll
0x000000001f6b0000 - 0x000000001f6b4000 	C:\Program Files\Java\jdk1.8.0_202\jre\bin\api-ms-win-core-file-l1-1-0.dll
0x000000001f6c0000 - 0x000000001f6c3000 	C:\Program Files\Java\jdk1.8.0_202\jre\bin\api-ms-win-core-file-l1-2-0.dll
0x000000001f6d0000 - 0x000000001f6d3000 	C:\Program Files\Java\jdk1.8.0_202\jre\bin\api-ms-win-core-file-l2-1-0.dll
0x000000001f6e0000 - 0x000000001f6e3000 	C:\Program Files\Java\jdk1.8.0_202\jre\bin\api-ms-win-core-handle-l1-1-0.dll
0x000000001f6f0000 - 0x000000001f6f3000 	C:\Program Files\Java\jdk1.8.0_202\jre\bin\api-ms-win-core-heap-l1-1-0.dll
0x000000001f700000 - 0x000000001f703000 	C:\Program Files\Java\jdk1.8.0_202\jre\bin\api-ms-win-core-interlocked-l1-1-0.dll
0x000000001f710000 - 0x000000001f713000 	C:\Program Files\Java\jdk1.8.0_202\jre\bin\api-ms-win-core-libraryloader-l1-1-0.dll
0x000000001f720000 - 0x000000001f723000 	C:\Program Files\Java\jdk1.8.0_202\jre\bin\api-ms-win-core-localization-l1-2-0.dll
0x000000001f730000 - 0x000000001f733000 	C:\Program Files\Java\jdk1.8.0_202\jre\bin\api-ms-win-core-memory-l1-1-0.dll
0x000000001f740000 - 0x000000001f743000 	C:\Program Files\Java\jdk1.8.0_202\jre\bin\api-ms-win-core-namedpipe-l1-1-0.dll
0x000000001f750000 - 0x000000001f753000 	C:\Program Files\Java\jdk1.8.0_202\jre\bin\api-ms-win-core-processenvironment-l1-1-0.dll
0x000000001f760000 - 0x000000001f763000 	C:\Program Files\Java\jdk1.8.0_202\jre\bin\api-ms-win-core-processthreads-l1-1-0.dll
0x000000001f770000 - 0x000000001f773000 	C:\Program Files\Java\jdk1.8.0_202\jre\bin\api-ms-win-core-processthreads-l1-1-1.dll
0x000000001f780000 - 0x000000001f783000 	C:\Program Files\Java\jdk1.8.0_202\jre\bin\api-ms-win-core-profile-l1-1-0.dll
0x000000001f790000 - 0x000000001f793000 	C:\Program Files\Java\jdk1.8.0_202\jre\bin\api-ms-win-core-rtlsupport-l1-1-0.dll
0x000000001f7a0000 - 0x000000001f7a3000 	C:\Program Files\Java\jdk1.8.0_202\jre\bin\api-ms-win-core-string-l1-1-0.dll
0x000000001f7b0000 - 0x000000001f7b3000 	C:\Program Files\Java\jdk1.8.0_202\jre\bin\api-ms-win-core-synch-l1-1-0.dll
0x000000001f7c0000 - 0x000000001f7c3000 	C:\Program Files\Java\jdk1.8.0_202\jre\bin\api-ms-win-core-synch-l1-2-0.dll
0x000000001f7d0000 - 0x000000001f7d3000 	C:\Program Files\Java\jdk1.8.0_202\jre\bin\api-ms-win-core-sysinfo-l1-1-0.dll
0x000000001f7e0000 - 0x000000001f7e3000 	C:\Program Files\Java\jdk1.8.0_202\jre\bin\api-ms-win-core-timezone-l1-1-0.dll
0x000000001f7f0000 - 0x000000001f7f3000 	C:\Program Files\Java\jdk1.8.0_202\jre\bin\api-ms-win-core-util-l1-1-0.dll
0x000000001f800000 - 0x000000001f803000 	C:\Program Files\Java\jdk1.8.0_202\jre\bin\api-ms-win-crt-conio-l1-1-0.dll
0x000000001f810000 - 0x000000001f814000 	C:\Program Files\Java\jdk1.8.0_202\jre\bin\api-ms-win-crt-convert-l1-1-0.dll
0x000000001f820000 - 0x000000001f823000 	C:\Program Files\Java\jdk1.8.0_202\jre\bin\api-ms-win-crt-environment-l1-1-0.dll
0x000000001f830000 - 0x000000001f833000 	C:\Program Files\Java\jdk1.8.0_202\jre\bin\api-ms-win-crt-filesystem-l1-1-0.dll
0x000000001f840000 - 0x000000001f843000 	C:\Program Files\Java\jdk1.8.0_202\jre\bin\api-ms-win-crt-heap-l1-1-0.dll
0x000000001f850000 - 0x000000001f853000 	C:\Program Files\Java\jdk1.8.0_202\jre\bin\api-ms-win-crt-locale-l1-1-0.dll
0x000000001f860000 - 0x000000001f865000 	C:\Program Files\Java\jdk1.8.0_202\jre\bin\api-ms-win-crt-math-l1-1-0.dll
0x000000001f870000 - 0x000000001f875000 	C:\Program Files\Java\jdk1.8.0_202\jre\bin\api-ms-win-crt-multibyte-l1-1-0.dll
0x000000001f880000 - 0x000000001f890000 	C:\Program Files\Java\jdk1.8.0_202\jre\bin\api-ms-win-crt-private-l1-1-0.dll
0x000000001f890000 - 0x000000001f893000 	C:\Program Files\Java\jdk1.8.0_202\jre\bin\api-ms-win-crt-process-l1-1-0.dll
0x000000001f8a0000 - 0x000000001f8a4000 	C:\Program Files\Java\jdk1.8.0_202\jre\bin\api-ms-win-crt-runtime-l1-1-0.dll
0x000000001f8b0000 - 0x000000001f8b4000 	C:\Program Files\Java\jdk1.8.0_202\jre\bin\api-ms-win-crt-stdio-l1-1-0.dll
0x000000001f8c0000 - 0x000000001f8c4000 	C:\Program Files\Java\jdk1.8.0_202\jre\bin\api-ms-win-crt-string-l1-1-0.dll
0x000000001f8d0000 - 0x000000001f8d3000 	C:\Program Files\Java\jdk1.8.0_202\jre\bin\api-ms-win-crt-time-l1-1-0.dll
0x000000001f8e0000 - 0x000000001f8e3000 	C:\Program Files\Java\jdk1.8.0_202\jre\bin\api-ms-win-crt-utility-l1-1-0.dll
0x00007fffb2e10000 - 0x00007fffb2f06000 	C:\Program Files\Java\jdk1.8.0_202\jre\bin\ucrtbase.dll
0x00007ffff1720000 - 0x00007ffff1736000 	C:\Program Files\Java\jdk1.8.0_202\jre\bin\vcruntime140.dll
0x00007fffb25e0000 - 0x00007fffb267c000 	C:\Program Files\Java\jdk1.8.0_202\jre\bin\msvcp140.dll
0x00007fffed4d0000 - 0x00007fffed521000 	C:\Program Files\Java\jdk1.8.0_202\jre\bin\concrt140.dll
0x00007fffbfac0000 - 0x00007fffbfae3000 	C:\Program Files\Java\jdk1.8.0_202\jre\bin\prism_d3d.dll
0x00007fffa6870000 - 0x00007fffa6a19000 	C:\WINDOWS\system32\d3d9.dll
0x00007ff806520000 - 0x00007ff80654b000 	C:\WINDOWS\SYSTEM32\dwmapi.dll
0x00007ff8063d0000 - 0x00007ff806406000 	C:\WINDOWS\SYSTEM32\dxcore.dll
0x00007ff8062c0000 - 0x00007ff80636b000 	C:\WINDOWS\system32\uxtheme.dll
0x00007fffa6560000 - 0x00007fffa674b000 	C:\WINDOWS\System32\DriverStore\FileRepository\iigd_dch_base.inf_amd64_a5a132c6d8339491\igdumdim64.dll
0x00007fff8b160000 - 0x00007fff8e6dd000 	C:\WINDOWS\System32\DriverStore\FileRepository\iigd_dch_base.inf_amd64_a5a132c6d8339491\igd9dxva64.dll
0x00007ff809e30000 - 0x00007ff809fd0000 	C:\WINDOWS\System32\ole32.dll
0x00007ff809d50000 - 0x00007ff809e27000 	C:\WINDOWS\System32\OLEAUT32.dll
0x00007ff8018f0000 - 0x00007ff80193a000 	C:\WINDOWS\SYSTEM32\directxdatabasehelper.dll
0x00007ff808040000 - 0x00007ff808058000 	C:\WINDOWS\SYSTEM32\kernel.appcore.dll
0x00007fffbec80000 - 0x00007fffbecc9000 	C:\Program Files\Java\jdk1.8.0_202\jre\bin\glass.dll
0x00007ff80afc0000 - 0x00007ff80b0b9000 	C:\WINDOWS\System32\COMDLG32.dll
0x00007ff80b870000 - 0x00007ff80b9bf000 	C:\WINDOWS\System32\MSCTF.dll
0x00007ff8091a0000 - 0x00007ff80921a000 	C:\WINDOWS\System32\bcryptPrimitives.dll
0x00007fffe1ba0000 - 0x00007fffe1bc4000 	C:\WINDOWS\System32\DriverStore\FileRepository\iigd_dch_base.inf_amd64_a5a132c6d8339491\igdinfo64.dll
0x00007ffffa970000 - 0x00007ffffc871000 	C:\WINDOWS\System32\DriverStore\FileRepository\iigd_dch_base.inf_amd64_a5a132c6d8339491\igc64.dll
0x00007fffe17c0000 - 0x00007fffe17d4000 	C:\Program Files\Java\jdk1.8.0_202\jre\bin\javafx_font.dll
0x00007ff804ce0000 - 0x00007ff804f53000 	C:\WINDOWS\SYSTEM32\dwrite.dll
0x00007ff80b4b0000 - 0x00007ff80b560000 	C:\WINDOWS\System32\clbcatq.dll
0x00007ff804b30000 - 0x00007ff804ce0000 	C:\WINDOWS\SYSTEM32\WindowsCodecs.dll
0x00007fffef5f0000 - 0x00007fffef64e000 	C:\WINDOWS\system32\dataexchange.dll
0x00007fffff1d0000 - 0x00007fffff455000 	C:\WINDOWS\system32\twinapi.appcore.dll
0x00007fffbe890000 - 0x00007fffbe8c2000 	C:\Program Files\Common Files\Microsoft Shared\Ink\rtscom.dll
0x00007ffff4520000 - 0x00007ffff466a000 	C:\WINDOWS\SYSTEM32\textinputframework.dll
0x00007ff805e20000 - 0x00007ff805f53000 	C:\WINDOWS\SYSTEM32\CoreMessaging.dll
0x00007ff800a30000 - 0x00007ff800d9c000 	C:\WINDOWS\SYSTEM32\CoreUIComponents.dll
0x00007ff808840000 - 0x00007ff80884c000 	C:\WINDOWS\SYSTEM32\CRYPTBASE.DLL
0x00007fffd2080000 - 0x00007fffd24c5000 	C:\WINDOWS\SYSTEM32\UIAutomationCore.DLL
0x00007ffff1f90000 - 0x00007ffff203b000 	C:\Windows\System32\OneCoreCommonProxyStub.dll
0x00007fffc4470000 - 0x00007fffc4482000 	C:\Program Files\Java\jdk1.8.0_202\jre\bin\prism_common.dll
0x00007ffff9fe0000 - 0x00007ffff9ffa000 	C:\Program Files\Java\jdk1.8.0_202\jre\bin\net.dll
0x00007ffff70d0000 - 0x00007ffff72c0000 	C:\WINDOWS\SYSTEM32\urlmon.dll
0x00007ffff6e10000 - 0x00007ffff70cc000 	C:\WINDOWS\SYSTEM32\iertutil.dll
0x00007ffff8e90000 - 0x00007ffff8eb8000 	C:\WINDOWS\SYSTEM32\srvcli.dll
0x00007ff807b00000 - 0x00007ff807b0c000 	C:\WINDOWS\SYSTEM32\netutils.dll
0x00007ff808510000 - 0x00007ff808579000 	C:\WINDOWS\system32\mswsock.dll

VM Arguments:
jvm_args: -Dfile.encoding=UTF-8 
java_command: D:\OneDrive\Desktop\ITI Tempo\3-Java\Final Project\Client\dist\run1817315481\Client.jar
java_class_path (initial): D:\OneDrive\Desktop\ITI Tempo\3-Java\Final Project\Client\dist\run1817315481\Client.jar
Launcher Type: SUN_STANDARD

Environment Variables:
PATH=C:\Program Files\Java\jdk1.8.0_202\bin;C:\Program Files (x86)\VMware\VMware Workstation\bin\;C:\app\al-ghaly\product\21c\dbhomeXE\bin;C:\WINDOWS\system32;C:\WINDOWS;C:\WINDOWS\System32\Wbem;C:\WINDOWS\System32\WindowsPowerShell\v1.0\;C:\WINDOWS\System32\OpenSSH\;C:\Program Files (x86)\Microsoft SQL Server\160\DTS\Binn\;C:\Program Files\Azure Data Studio\bin;C:\Program Files (x86)\Microsoft SQL Server\160\Tools\Binn\;C:\Program Files\Microsoft SQL Server\160\Tools\Binn\;C:\Program Files\Microsoft SQL Server\Client SDK\ODBC\170\Tools\Binn\;C:\Program Files\Microsoft SQL Server\160\DTS\Binn\;C:\Program Files\Git\cmd;C:\Program Files (x86)\NVIDIA Corporation\PhysX\Common;C:\Program Files\NVIDIA Corporation\NVIDIA NvDLISR;C:\Users\al-ghaly\AppData\Local\Programs\Python\Python39\Lib\site-packages\PyQt6\Qt6\bin;C:\Users\al-ghaly\AppData\Local\Programs\Python\Python39\Scripts\;C:\Users\al-ghaly\AppData\Local\Programs\Python\Python39\;C:\Users\al-ghaly\AppData\Local\Microsoft\WindowsApps;C:\Program Files\Azure Data Studio\bin;C:\Program Files\JetBrains\PyCharm Community Edition 2021.1.1\bin;;C:\Users\al-ghaly\AppData\Local\Programs\Microsoft VS Code\bin;C:\Program Files\JetBrains\DataGrip 2023.1\bin;;C:\Users\al-ghaly\AppData\Local\GitHubDesktop\bin;C:\Program Files\JetBrains\IntelliJ IDEA Community Edition 2021.1.2\bin;
USERNAME=al-ghaly
OS=Windows_NT
PROCESSOR_IDENTIFIER=Intel64 Family 6 Model 142 Stepping 10, GenuineIntel



---------------  S Y S T E M  ---------------

OS: Windows 10.0 , 64 bit Build 22621 (10.0.22621.2506)

CPU:total 8 (initial active 8) (4 cores per cpu, 2 threads per core) family 6 model 142 stepping 10, cmov, cx8, fxsr, mmx, sse, sse2, sse3, ssse3, sse4.1, sse4.2, popcnt, avx, avx2, aes, clmul, erms, 3dnowpref, lzcnt, ht, tsc, tscinvbit, bmi1, bmi2, adx

Memory: 4k page, physical 16648844k(4048188k free), swap 25707732k(4497016k free)

vm_info: Java HotSpot(TM) 64-Bit Server VM (25.202-b08) for windows-amd64 JRE (1.8.0_202-b08), built on Dec 15 2018 19:54:30 by "java_re" with MS VC++ 10.0 (VS2010)

time: Sat Dec 02 15:30:16 2023
timezone: Egypt Standard Time
elapsed time: 3 seconds (0d 0h 0m 3s)

